\BOOKMARK [0][-]{chapter*.1}{\376\377\000A\000b\000s\000t\000r\000a\000c\000t}{}% 1
\BOOKMARK [0][-]{chapter*.2}{\376\377\000L\000i\000s\000t\000\040\000o\000f\000\040\000P\000u\000b\000l\000i\000c\000a\000t\000i\000o\000n\000s}{}% 2
\BOOKMARK [0][-]{chapter*.3}{\376\377\000A\000c\000k\000n\000o\000w\000l\000e\000d\000g\000e\000m\000e\000n\000t\000s}{}% 3
\BOOKMARK [0][-]{chapter*.3}{\376\377\000C\000o\000n\000t\000e\000n\000t\000s}{}% 4
\BOOKMARK [0][-]{chapter.1}{\376\377\000C\000h\000a\000p\000t\000e\000r\000\040\0001\000.\000\040\000I\000n\000t\000r\000o\000d\000u\000c\000t\000i\000o\000n}{}% 5
\BOOKMARK [0][-]{chapter.2}{\376\377\000C\000h\000a\000p\000t\000e\000r\000\040\0002\000.\000\040\000F\000u\000n\000d\000a\000m\000e\000n\000t\000a\000l\000s\000\040\000I\000:\000\040\000M\000a\000n\000y\000-\000B\000o\000d\000y\000\040\000Q\000u\000a\000n\000t\000u\000m\000\040\000P\000h\000y\000s\000i\000c\000s\000\040\000a\000n\000d\000\040\000D\000F\000T}{}% 6
\BOOKMARK [1][-]{section.2.1}{\376\377\000A\000\040\000s\000t\000o\000r\000y\000\040\000s\000t\000a\000r\000t\000s\000\040\000w\000i\000t\000h\000\040\000t\000i\000m\000e\000\040\000e\000v\000o\000l\000u\000t\000i\000o\000n\000\040\000q\000u\000a\000n\000t\000u\000m\000\040\000m\000e\000c\000h\000a\000n\000i\000c\000s}{chapter.2}% 7
\BOOKMARK [2][-]{subsection.2.1.1}{\376\377\000T\000i\000m\000e\000-\000d\000e\000p\000e\000n\000d\000e\000n\000t\000\040\000S\000c\000h\000r\000\366\000d\000i\000n\000g\000e\000r\000\040\000e\000q\000u\000a\000t\000i\000o\000n}{section.2.1}% 8
\BOOKMARK [2][-]{subsection.2.1.2}{\376\377\000T\000i\000m\000e\000\040\000e\000v\000o\000l\000u\000t\000i\000o\000n\000\040\000o\000p\000e\000r\000a\000t\000o\000r}{section.2.1}% 9
\BOOKMARK [2][-]{subsection.2.1.3}{\376\377\000M\000a\000n\000y\000-\000b\000o\000d\000y\000\040\000S\000c\000h\000r\000\366\000d\000i\000n\000g\000e\000r\000\040\000e\000q\000u\000a\000t\000i\000o\000n}{section.2.1}% 10
\BOOKMARK [2][-]{subsection.2.1.4}{\376\377\000F\000r\000o\000m\000\040\000S\000c\000h\000r\000\366\000d\000i\000n\000g\000e\000r\000\040\000p\000i\000c\000t\000u\000r\000e\000\040\000t\000o\000\040\000H\000e\000i\000s\000e\000n\000b\000e\000r\000g\000\040\000p\000i\000c\000t\000u\000r\000e}{section.2.1}% 11
\BOOKMARK [2][-]{subsection.2.1.5}{\376\377\000F\000r\000o\000m\000\040\000H\000e\000i\000s\000e\000n\000b\000e\000r\000g\000\040\000p\000i\000c\000t\000u\000r\000e\000\040\000t\000o\000\040\000t\000h\000e\000\040\000c\000o\000n\000t\000i\000n\000u\000i\000t\000y\000\040\000e\000q\000u\000a\000t\000i\000o\000n}{section.2.1}% 12
\BOOKMARK [1][-]{section.2.2}{\376\377\000T\000o\000w\000a\000r\000d\000\040\000t\000h\000e\000\040\000m\000a\000n\000y\000-\000b\000o\000d\000y\000\040\000p\000r\000o\000b\000l\000e\000m}{chapter.2}% 13
\BOOKMARK [2][-]{subsection.2.2.1}{\376\377\000A\000n\000\040\000i\000n\000t\000r\000o\000d\000u\000c\000t\000i\000o\000n\000\040\000t\000o\000\040\000g\000r\000a\000n\000d\000\040\000c\000a\000n\000o\000n\000i\000c\000a\000l\000\040\000e\000n\000s\000e\000m\000b\000l\000e}{section.2.2}% 14
\BOOKMARK [2][-]{subsection.2.2.2}{\376\377\000F\000r\000o\000m\000\040\000w\000a\000v\000e\000\040\000f\000u\000n\000c\000t\000i\000o\000n\000\040\000t\000o\000\040\000p\000r\000a\000c\000t\000i\000c\000a\000l\000\040\000f\000u\000n\000c\000t\000i\000o\000n\000a\000l\000s}{section.2.2}% 15
\BOOKMARK [1][-]{section.2.3}{\376\377\000A\000n\000\040\000i\000n\000t\000r\000o\000d\000u\000c\000t\000i\000o\000n\000\040\000t\000o\000\040\000d\000e\000n\000s\000i\000t\000y\000\040\000f\000u\000n\000c\000t\000i\000o\000n\000a\000l\000s}{chapter.2}% 16
\BOOKMARK [2][-]{subsection.2.3.1}{\376\377\000W\000h\000a\000t\000\040\000i\000s\000\040\000t\000h\000e\000\040\000f\000u\000n\000c\000t\000i\000o\000n\000a\000l\000?}{section.2.3}% 17
\BOOKMARK [2][-]{subsection.2.3.2}{\376\377\000D\000e\000n\000s\000i\000t\000y\000\040\000f\000u\000n\000c\000t\000i\000o\000n\000a\000l\000\040\000i\000n\000\040\000q\000u\000a\000n\000t\000u\000m\000\040\000m\000e\000c\000h\000a\000n\000i\000c\000s}{section.2.3}% 18
\BOOKMARK [2][-]{subsection.2.3.3}{\376\377\000T\000h\000e\000\040\000H\000o\000h\000e\000n\000b\000e\000r\000g\040\023\000K\000o\000h\000n\000\040\000t\000h\000e\000o\000r\000e\000m}{section.2.3}% 19
\BOOKMARK [2][-]{subsection.2.3.4}{\376\377\000T\000h\000e\000\040\000T\000h\000o\000m\000a\000s\040\023\000F\000e\000r\000m\000i\000\040\000a\000p\000p\000r\000o\000a\000c\000h}{section.2.3}% 20
\BOOKMARK [2][-]{subsection.2.3.5}{\376\377\000L\000i\000m\000i\000t\000a\000t\000i\000o\000n\000s\000\040\000o\000f\000\040\000t\000h\000e\000\040\000T\000h\000o\000m\000a\000s\040\023\000F\000e\000r\000m\000i\000\040\000a\000p\000p\000r\000o\000a\000c\000h}{section.2.3}% 21
\BOOKMARK [1][-]{section.2.4}{\376\377\000F\000r\000o\000m\000\040\000d\000e\000n\000s\000i\000t\000y\000\040\000f\000u\000n\000c\000t\000i\000o\000n\000a\000l\000\040\000t\000o\000\040\000K\000o\000h\000n\040\023\000S\000h\000a\000m\000\040\000t\000h\000e\000o\000r\000y}{chapter.2}% 22
\BOOKMARK [2][-]{subsection.2.4.1}{\376\377\000A\000u\000x\000i\000l\000i\000a\000r\000y\000\040\000s\000y\000s\000t\000e\000m}{section.2.4}% 23
\BOOKMARK [2][-]{subsection.2.4.2}{\376\377\000T\000h\000e\000\040\000f\000r\000a\000m\000e\000w\000o\000r\000k\000\040\000o\000f\000\040\000t\000h\000e\000\040\000K\000o\000h\000n\040\023\000S\000h\000a\000m\000\040\000e\000q\000u\000a\000t\000i\000o\000n\000s}{section.2.4}% 24
\BOOKMARK [2][-]{subsection.2.4.3}{\376\377\000F\000r\000o\000m\000\040\000v\000a\000r\000i\000a\000t\000i\000o\000n\000a\000l\000\040\000d\000e\000r\000i\000v\000a\000t\000i\000o\000n\000\040\000t\000o\000\040\000t\000h\000e\000\040\000K\000o\000h\000n\040\023\000S\000h\000a\000m\000\040\000e\000q\000u\000a\000t\000i\000o\000n\000s}{section.2.4}% 25
\BOOKMARK [2][-]{subsection.2.4.4}{\376\377\000V\000a\000r\000i\000a\000t\000i\000o\000n\000a\000l\000\040\000c\000o\000n\000s\000t\000r\000u\000c\000t\000i\000o\000n\000\040\000o\000f\000\040\000t\000h\000e\000\040\000K\000o\000h\000n\040\023\000S\000h\000a\000m\000\040\000s\000c\000h\000e\000m\000e}{section.2.4}% 26
\BOOKMARK [2][-]{subsection.2.4.5}{\376\377\000R\000e\000m\000a\000r\000k\000s\000\040\000o\000n\000\040\000t\000h\000e\000\040\000K\000o\000h\000n\040\023\000S\000h\000a\000m\000\040\000s\000o\000l\000u\000t\000i\000o\000n\000s}{section.2.4}% 27
\BOOKMARK [2][-]{subsection.2.4.6}{\376\377\000S\000t\000r\000u\000c\000t\000u\000r\000e\000\040\000a\000n\000d\000\040\000c\000o\000n\000s\000t\000r\000u\000c\000t\000i\000o\000n\000\040\000o\000f\000\040\000t\000h\000e\000\040\000K\000o\000h\000n\040\023\000S\000h\000a\000m\000\040\000p\000o\000t\000e\000n\000t\000i\000a\000l}{section.2.4}% 28
\BOOKMARK [2][-]{subsection.2.4.7}{\376\377\000T\000h\000e\000\040\000H\000a\000r\000t\000r\000e\000e\000\040\000e\000q\000u\000a\000t\000i\000o\000n\000s}{section.2.4}% 29
\BOOKMARK [1][-]{section.2.5}{\376\377\000E\000x\000c\000h\000a\000n\000g\000e\000-\000c\000o\000r\000r\000e\000l\000a\000t\000i\000o\000n\000\040\000f\000u\000n\000c\000t\000i\000o\000n\000a\000l}{chapter.2}% 30
\BOOKMARK [2][-]{subsection.2.5.1}{\376\377\000L\000o\000c\000a\000l\000\040\000d\000e\000n\000s\000i\000t\000y\000\040\000a\000n\000d\000\040\000g\000e\000n\000e\000r\000a\000l\000i\000z\000e\000d\000\040\000g\000r\000a\000d\000i\000e\000n\000t\000\040\000a\000p\000p\000r\000o\000x\000i\000m\000a\000t\000i\000o\000n\000s}{section.2.5}% 31
\BOOKMARK [2][-]{subsection.2.5.2}{\376\377\000H\000y\000b\000r\000i\000d\000\040\000f\000u\000n\000c\000t\000i\000o\000n\000a\000l\000s\000\040\000a\000n\000d\000\040\000t\000h\000e\000\040\000H\000e\000y\000d\040\023\000S\000c\000u\000s\000e\000r\000i\000a\040\023\000E\000r\000n\000z\000e\000r\000h\000o\000f\000\040\000f\000u\000n\000c\000t\000i\000o\000n\000a\000l}{section.2.5}% 32
\BOOKMARK [0][-]{chapter.3}{\376\377\000C\000h\000a\000p\000t\000e\000r\000\040\0003\000.\000\040\000F\000u\000n\000d\000a\000m\000e\000n\000t\000a\000l\000s\000\040\000I\000I\000:\000\040\000L\000i\000n\000e\000a\000r\000\040\000O\000p\000t\000i\000c\000a\000l\000\040\000R\000e\000s\000p\000o\000n\000s\000e}{}% 33
\BOOKMARK [1][-]{section.3.1}{\376\377\000T\000o\000w\000a\000r\000d\000\040\000e\000l\000e\000c\000t\000r\000o\000m\000a\000g\000n\000e\000t\000i\000c\000\040\000r\000e\000s\000p\000o\000n\000s\000e\000\040\000i\000n\000\040\000m\000a\000t\000t\000e\000r}{chapter.3}% 34
\BOOKMARK [2][-]{subsection.3.1.1}{\376\377\000M\000a\000x\000w\000e\000l\000l\000\040\000e\000q\000u\000a\000t\000i\000o\000n\000s\000\040\000i\000n\000\040\000m\000a\000t\000t\000e\000r}{section.3.1}% 35
\BOOKMARK [2][-]{subsection.3.1.2}{\376\377\000P\000o\000l\000a\000r\000i\000z\000a\000t\000i\000o\000n\000,\000\040\000e\000l\000e\000c\000t\000r\000i\000c\000\040\000d\000i\000s\000p\000l\000a\000c\000e\000m\000e\000n\000t\000,\000\040\000a\000n\000d\000\040\000c\000o\000n\000s\000t\000i\000t\000u\000t\000i\000v\000e\000\040\000r\000e\000l\000a\000t\000i\000o\000n\000s}{section.3.1}% 36
\BOOKMARK [2][-]{subsection.3.1.3}{\376\377\000A\000n\000i\000s\000o\000t\000r\000o\000p\000y\000\040\000a\000n\000d\000\040\000t\000h\000e\000\040\000d\000i\000e\000l\000e\000c\000t\000r\000i\000c\000\040\000t\000e\000n\000s\000o\000r}{section.3.1}% 37
\BOOKMARK [1][-]{section.3.2}{\376\377\000F\000r\000o\000m\000\040\000e\000l\000e\000c\000t\000r\000o\000n\000i\000c\000\040\000r\000e\000s\000p\000o\000n\000s\000e\000\040\000t\000o\000\040\000t\000h\000e\000\040\000d\000i\000e\000l\000e\000c\000t\000r\000i\000c\000\040\000f\000u\000n\000c\000t\000i\000o\000n}{chapter.3}% 38
\BOOKMARK [2][-]{subsection.3.2.1}{\376\377\000F\000r\000o\000m\000\040\000p\000o\000l\000a\000r\000i\000z\000a\000t\000i\000o\000n\000\040\000r\000e\000s\000p\000o\000n\000s\000e\000\040\000t\000o\000\040\000t\000h\000e\000\040\000c\000o\000m\000p\000l\000e\000x\000\040\000d\000i\000e\000l\000e\000c\000t\000r\000i\000c\000\040\000f\000u\000n\000c\000t\000i\000o\000n}{section.3.2}% 39
\BOOKMARK [2][-]{subsection.3.2.2}{\376\377\000M\000i\000c\000r\000o\000s\000c\000o\000p\000i\000c\000\040\000o\000r\000i\000g\000i\000n\000\040\000o\000f\000\040\000t\000h\000e\000\040\000i\000m\000a\000g\000i\000n\000a\000r\000y\000\040\000p\000a\000r\000t}{section.3.2}% 40
\BOOKMARK [2][-]{subsection.3.2.3}{\376\377\000D\000i\000e\000l\000e\000c\000t\000r\000i\000c\000\040\000r\000e\000s\000p\000o\000n\000s\000e\000\040\000i\000n\000\040\000a\000n\000i\000s\000o\000t\000r\000o\000p\000i\000c\000\040\000m\000e\000d\000i\000a}{section.3.2}% 41
\BOOKMARK [1][-]{section.3.3}{\376\377\000C\000a\000u\000s\000a\000l\000i\000t\000y\000\040\000a\000n\000d\000\040\000t\000h\000e\000\040\000K\000r\000a\000m\000e\000r\000s\040\023\000K\000r\000o\000n\000i\000g\000\040\000r\000e\000l\000a\000t\000i\000o\000n\000s}{chapter.3}% 42
\BOOKMARK [2][-]{subsection.3.3.1}{\376\377\000C\000a\000u\000s\000a\000l\000i\000t\000y\000\040\000a\000n\000d\000\040\000a\000n\000a\000l\000y\000t\000i\000c\000\040\000s\000t\000r\000u\000c\000t\000u\000r\000e\000\040\000o\000f\000\040\000r\000e\000s\000p\000o\000n\000s\000e\000\040\000f\000u\000n\000c\000t\000i\000o\000n\000s}{section.3.3}% 43
\BOOKMARK [2][-]{subsection.3.3.2}{\376\377\000K\000r\000a\000m\000e\000r\000s\040\023\000K\000r\000o\000n\000i\000g\000\040\000r\000e\000l\000a\000t\000i\000o\000n\000s\000\040\000f\000o\000r\000\040\000t\000h\000e\000\040\000d\000i\000e\000l\000e\000c\000t\000r\000i\000c\000\040\000f\000u\000n\000c\000t\000i\000o\000n}{section.3.3}% 44
\BOOKMARK [2][-]{subsection.3.3.3}{\376\377\000S\000t\000a\000t\000i\000c\000\040\000l\000i\000m\000i\000t\000\040\000a\000n\000d\000\040\000p\000h\000y\000s\000i\000c\000a\000l\000\040\000i\000n\000t\000e\000r\000p\000r\000e\000t\000a\000t\000i\000o\000n}{section.3.3}% 45
\BOOKMARK [1][-]{section.3.4}{\376\377\000F\000r\000o\000m\000\040\000t\000h\000e\000\040\000d\000i\000e\000l\000e\000c\000t\000r\000i\000c\000\040\000f\000u\000n\000c\000t\000i\000o\000n\000\040\000t\000o\000\040\000o\000p\000t\000i\000c\000a\000l\000\040\000p\000r\000o\000p\000e\000r\000t\000i\000e\000s}{chapter.3}% 46
\BOOKMARK [2][-]{subsection.3.4.1}{\376\377\000A\000b\000s\000o\000r\000p\000t\000i\000o\000n\000\040\000c\000o\000e\000f\000f\000i\000c\000i\000e\000n\000t}{section.3.4}% 47
\BOOKMARK [2][-]{subsection.3.4.2}{\376\377\000R\000e\000f\000r\000a\000c\000t\000i\000v\000e\000\040\000i\000n\000d\000e\000x\000\040\000a\000n\000d\000\040\000e\000x\000t\000i\000n\000c\000t\000i\000o\000n\000\040\000c\000o\000e\000f\000f\000i\000c\000i\000e\000n\000t}{section.3.4}% 48
\BOOKMARK [2][-]{subsection.3.4.3}{\376\377\000R\000e\000f\000l\000e\000c\000t\000i\000v\000i\000t\000y}{section.3.4}% 49
\BOOKMARK [2][-]{subsection.3.4.4}{\376\377\000E\000n\000e\000r\000g\000y\000-\000l\000o\000s\000s\000\040\000s\000p\000e\000c\000t\000r\000u\000m}{section.3.4}% 50
\BOOKMARK [0][-]{chapter.4}{\376\377\000C\000h\000a\000p\000t\000e\000r\000\040\0004\000.\000\040\000O\000p\000t\000o\000e\000l\000e\000c\000t\000r\000o\000n\000i\000c\000\040\000P\000r\000o\000p\000e\000r\000t\000i\000e\000s\000\040\000o\000f\000\040\000H\000e\000t\000e\000r\000o\000s\000t\000r\000u\000c\000t\000u\000r\000e\000\040\000B\000i\000l\000a\000y\000e\000r\000s}{}% 51
\BOOKMARK [1][-]{section.4.1}{\376\377\000A\000b\000s\000t\000r\000a\000c\000t}{chapter.4}% 52
\BOOKMARK [1][-]{section.4.2}{\376\377\000I\000n\000t\000r\000o\000d\000u\000c\000t\000i\000o\000n}{chapter.4}% 53
\BOOKMARK [1][-]{section.4.3}{\376\377\000C\000a\000l\000c\000u\000l\000a\000t\000i\000o\000n\000\040\000m\000e\000t\000h\000o\000d}{chapter.4}% 54
\BOOKMARK [1][-]{section.4.4}{\376\377\000R\000e\000s\000u\000l\000t\000s\000\040\000a\000n\000d\000\040\000d\000i\000s\000c\000u\000s\000s\000i\000o\000n}{chapter.4}% 55
\BOOKMARK [2][-]{subsection.4.4.1}{\376\377\000M\000o\000n\000o\000l\000a\000y\000e\000r\000\040\000p\000r\000o\000p\000e\000r\000t\000i\000e\000s}{section.4.4}% 56
\BOOKMARK [2][-]{subsection.4.4.2}{\376\377\000H\000e\000t\000e\000r\000o\000s\000t\000r\000u\000c\000t\000u\000r\000e}{section.4.4}% 57
\BOOKMARK [1][-]{section.4.5}{\376\377\000C\000o\000n\000c\000l\000u\000s\000i\000o\000n\000s}{chapter.4}% 58
\BOOKMARK [1][-]{section.4.6}{\376\377\000S\000u\000p\000p\000l\000e\000m\000e\000n\000t\000a\000r\000y\000\040\000i\000n\000f\000o\000r\000m\000a\000t\000i\000o\000n}{chapter.4}% 59
\BOOKMARK [0][-]{chapter.5}{\376\377\000C\000h\000a\000p\000t\000e\000r\000\040\0005\000.\000\040\000p\000r\000o\000j\000e\000c\000t\000\040\0002}{}% 60
\BOOKMARK [0][-]{chapter.6}{\376\377\000C\000h\000a\000p\000t\000e\000r\000\040\0006\000.\000\040\000p\000r\000o\000j\000e\000c\000t\000\040\0003}{}% 61
\BOOKMARK [0][-]{chapter*.29}{\376\377\000B\000i\000b\000l\000i\000o\000g\000r\000a\000p\000h\000y}{}% 62
\BOOKMARK [0][-]{appendix*.30}{\376\377\000A\000p\000p\000e\000n\000d\000i\000x}{}% 63
